<html xmlns:math="http://exslt.org/math" xmlns:testng="http://testng.org">
   <head>
      <title>TestNG Results</title>
      <meta http-equiv="content-type" content="text/html; charset=utf-8"></meta>
      <meta http-equiv="pragma" content="no-cache"></meta>
      <meta http-equiv="cache-control" content="max-age=0"></meta>
      <meta http-equiv="cache-control" content="no-cache"></meta>
      <meta http-equiv="cache-control" content="no-store"></meta>
      <LINK rel="stylesheet" href="style.css"></LINK>
      <script type="text/javascript" src="main.js"></script>
   </head>
   <body>
      <table width="100%" style="font-size: 16px; margin-bottom: 10px;" cellspacing="1">
         <tr>
            <td width="100%">
               All methods in suite
               
               <b>Suite</b>
            </td>
            <td style="background-color: #FFBBBB; padding: 3px 3px 3px 0;" align="center">
               <div style="width: 50px;">1</div>
            </td>
            <td style="background-color: lightgreen; padding: 3px 3px 3px 0;" align="center">
               <div style="width: 50px;">0</div>
            </td>
            <td style="background-color: #FFFFBB; padding: 3px 3px 3px 0;" align="center">
               <div style="width: 50px;">0</div>
            </td>
            <td align="center" style="background-color: #eaf0f7; padding: 3px 3px 3px 0;">
               <div style="width: 50px;">1</div>
            </td>
            <td align="center"
                style="font-weight: bold; background-color: #eaf0f7; padding: 3px 3px 3px 0;">
               <div style="width: 50px;">0%</div>
            </td>
            <td style="background-color: #eaf0f7; padding: 3px 3px 3px 0;" align="center"
                nowrap="true">39s
               
            </td>
         </tr>
      </table>
      <div style="width: 200px;">
         <label for="groupMethodsCheckBox" style="font-weight: bold; margin: 0;">
            <input id="groupMethodsCheckBox" type="checkbox" onclick="switchTestMethodsView(this)"
                   checked=""></input>
            Group by class
            
         </label>
         <br></br>
         <label for="methodsFilter_ALL" style="font-weight: bold; margin: 0;">
            <input id="methodsFilter_ALL" type="checkbox"
                   onclick="testMethodsFilterChanged(this, 'ALL')"
                   checked=""></input>
            All
            
         </label>
      </div>
      <label for="methodsFilter_FAIL" style="margin-left: 20px;">
         <input id="methodsFilter_FAIL" type="checkbox"
                onclick="testMethodsFilterChanged(this, 'FAIL')"
                checked=""></input>
         Failed
         
      </label>
      <label for="methodsFilter_PASS">
         <input id="methodsFilter_PASS" type="checkbox"
                onclick="testMethodsFilterChanged(this, 'PASS')"
                checked=""></input>
         Passed
         
      </label>
      <label for="methodsFilter_SKIP">
         <input id="methodsFilter_SKIP" type="checkbox"
                onclick="testMethodsFilterChanged(this, 'SKIP')"
                checked=""></input>
         Skipped
         
      </label>
      <label for="methodsFilter_CONF">
         <input id="methodsFilter_CONF" type="checkbox"
                onclick="testMethodsFilterChanged(this, 'CONF')"
                checked=""></input>
         Config
         
      </label>
      <br></br>
      <div id="testMethodsByStatus" style="display: none;">
         <table class="testMethodsTable" cellpadding="0" cellspacing="0">
            <tr class="methodsTableHeader">
               <td width="100%">Name</td>
               <td nowrap="true">Started</td>
               <td nowrap="true">Duration</td>
               <td>Exception</td>
            </tr>
            <tr id="com.drivemedical.utilgeneric.Test1_testTesting_byStatus_failed_FAIL1_row"
                class="testMethodStatusFAIL">
               <td width="100%" class="firstMethodCell">
                  <a onclick="toggleDetailsVisibility('com.drivemedical.utilgeneric.Test1_testTesting_byStatus_failed_FAIL1_details')">testTesting()</a>
               </td>
               <td nowrap="true">12:15:35</td>
               <td nowrap="true" align="right">16 ms
                  
               </td>
               <td nowrap="true">
                  <a onclick="toggleDetailsVisibility('com.drivemedical.utilgeneric.Test1_testTesting_byStatus_failed_FAIL1_exception')">java.lang.AssertionError: 
                     expected [false] but found [true]
                     
                  </a>
                   
                  
               </td>
            </tr>
            <tr>
               <td colspan="4" class="detailsBox">
                  <div id="com.drivemedical.utilgeneric.Test1_testTesting_byStatus_failed_FAIL1_details"
                       class="testMethodDetails">
                     <div>
                        <b>Name: </b>testTesting
                     </div>
                     <div>
                        <b>Signature: </b>testTesting()[pri:1, instance:com.drivemedical.utilgeneric.Test1@7085bdee]
                     </div>
                     <div>
                        <b>Start time: </b>12:15:35
                     </div>
                     <div>
                        <b>End time: </b>12:15:35
                     </div>
                     <div>
                        <b>Duration: </b>16 ms
                        
                     </div>
                  </div>
               </td>
            </tr>
            <tr>
               <td colspan="4" class="detailsBox">
                  <div id="com.drivemedical.utilgeneric.Test1_testTesting_byStatus_failed_FAIL1_exception"
                       class="testMethodDetails">
                     <pre style="padding: 5px; margin: 0;">java.lang.AssertionError: expected [false] but found [true]
                        	at org.testng.Assert.fail(Assert.java:93)
                        	at org.testng.Assert.failNotEquals(Assert.java:512)
                        	at org.testng.Assert.assertFalse(Assert.java:62)
                        	at org.testng.Assert.assertFalse(Assert.java:72)
                        	at com.drivemedical.utilgeneric.Test1.testTesting(Test1.java:113)
                        	at sun.reflect.NativeMethodAccessorImpl.invoke0(Native Method)
                        	at sun.reflect.NativeMethodAccessorImpl.invoke(Unknown Source)
                        	at sun.reflect.DelegatingMethodAccessorImpl.invoke(Unknown Source)
                        	at java.lang.reflect.Method.invoke(Unknown Source)
                        	at org.testng.internal.MethodInvocationHelper.invokeMethod(MethodInvocationHelper.java:108)
                        	at org.testng.internal.Invoker.invokeMethod(Invoker.java:661)
                        	at org.testng.internal.Invoker.invokeTestMethod(Invoker.java:869)
                        	at org.testng.internal.Invoker.invokeTestMethods(Invoker.java:1193)
                        	at org.testng.internal.TestMethodWorker.invokeTestMethods(TestMethodWorker.java:126)
                        	at org.testng.internal.TestMethodWorker.run(TestMethodWorker.java:109)
                        	at org.testng.TestRunner.privateRun(TestRunner.java:744)
                        	at org.testng.TestRunner.run(TestRunner.java:602)
                        	at org.testng.SuiteRunner.runTest(SuiteRunner.java:380)
                        	at org.testng.SuiteRunner.access$000(SuiteRunner.java:39)
                        	at org.testng.SuiteRunner$SuiteWorker.run(SuiteRunner.java:414)
                        	at org.testng.internal.thread.ThreadUtil$1.call(ThreadUtil.java:52)
                        	at java.util.concurrent.FutureTask.run(Unknown Source)
                        	at java.util.concurrent.ThreadPoolExecutor.runWorker(Unknown Source)
                        	at java.util.concurrent.ThreadPoolExecutor$Worker.run(Unknown Source)
                        	at java.lang.Thread.run(Unknown Source)
                     </pre>
                  </div>
               </td>
            </tr>
            <tr id="com.drivemedical.utilgeneric.Test1_initialize_byStatus_passed_PASS1_row"
                class="testMethodStatusPASS testMethodStatusCONF">
               <td width="100%" class="firstMethodCell">
                  <a onclick="toggleDetailsVisibility('com.drivemedical.utilgeneric.Test1_initialize_byStatus_passed_PASS1_details')">initialize([Test: "FF_Test" verbose:1[parameters:GridURL=&gt;http://10.27.208.11:5555/wd/hub,password=&gt;Test1234@,broName=&gt;firefox,PlatForm=&gt;Platform.WIN10,extentVal=&gt;1,email=&gt;aditya@gmail.com,][metagroups:]
                     [included: ][excluded: ]  classes: packages:])
                  </a>
               </td>
               <td nowrap="true">12:14:57</td>
               <td nowrap="true" align="right">37s
                  
               </td>
               <td nowrap="true">
                   
                  
               </td>
            </tr>
            <tr>
               <td colspan="4" class="detailsBox">
                  <div id="com.drivemedical.utilgeneric.Test1_initialize_byStatus_passed_PASS1_details"
                       class="testMethodDetails">
                     <div>
                        <b>Name: </b>initialize
                     </div>
                     <div>
                        <b>Signature: </b>initialize(org.testng.xml.XmlTest)[pri:0, instance:com.drivemedical.utilgeneric.Test1@7085bdee]
                     </div>
                     <div>
                        <b>Parameters: </b>
                        
                        [Test: "FF_Test" verbose:1[parameters:GridURL=&gt;http://10.27.208.11:5555/wd/hub,password=&gt;Test1234@,broName=&gt;firefox,PlatForm=&gt;Platform.WIN10,extentVal=&gt;1,email=&gt;aditya@gmail.com,][metagroups:]
                        [included: ][excluded: ]  classes: packages:] 
                        
                        
                     </div>
                     <div>
                        <b>Start time: </b>12:14:57
                     </div>
                     <div>
                        <b>End time: </b>12:15:35
                     </div>
                     <div>
                        <b>Duration: </b>37s
                        
                     </div>
                  </div>
               </td>
            </tr>
            <tr></tr>
            <tr id="com.drivemedical.utilgeneric.Test1_extReport_byStatus_passed_PASS2_row"
                class="testMethodStatusPASS testMethodStatusCONF">
               <td width="100%" class="firstMethodCell">
                  <a onclick="toggleDetailsVisibility('com.drivemedical.utilgeneric.Test1_extReport_byStatus_passed_PASS2_details')">extReport(public void com.drivemedical.utilgeneric.Test1.testTesting()
                     
                     ,
                     
                     [Test: "FF_Test" verbose:1[parameters:GridURL=&gt;http://10.27.208.11:5555/wd/hub,password=&gt;Test1234@,broName=&gt;firefox,PlatForm=&gt;Platform.WIN10,extentVal=&gt;1,email=&gt;aditya@gmail.com,][metagroups:]
                     [included: ][excluded: ]  classes: packages:])
                  </a>
               </td>
               <td nowrap="true">12:15:35</td>
               <td nowrap="true" align="right">141 ms
                  
               </td>
               <td nowrap="true">
                   
                  
               </td>
            </tr>
            <tr>
               <td colspan="4" class="detailsBox">
                  <div id="com.drivemedical.utilgeneric.Test1_extReport_byStatus_passed_PASS2_details"
                       class="testMethodDetails">
                     <div>
                        <b>Name: </b>extReport
                     </div>
                     <div>
                        <b>Signature: </b>extReport(java.lang.reflect.Method, org.testng.xml.XmlTest)[pri:0, instance:com.drivemedical.utilgeneric.Test1@7085bdee]
                     </div>
                     <div>
                        <b>Parameters: </b>
                        
                        public void com.drivemedical.utilgeneric.Test1.testTesting()
                        
                        ,
                        
                        [Test: "FF_Test" verbose:1[parameters:GridURL=&gt;http://10.27.208.11:5555/wd/hub,password=&gt;Test1234@,broName=&gt;firefox,PlatForm=&gt;Platform.WIN10,extentVal=&gt;1,email=&gt;aditya@gmail.com,][metagroups:]
                        [included: ][excluded: ]  classes: packages:] 
                        
                        
                     </div>
                     <div>
                        <b>Start time: </b>12:15:35
                     </div>
                     <div>
                        <b>End time: </b>12:15:35
                     </div>
                     <div>
                        <b>Duration: </b>141 ms
                        
                     </div>
                  </div>
               </td>
            </tr>
            <tr></tr>
            <tr id="com.drivemedical.utilgeneric.Test1_endTest_byStatus_passed_PASS3_row"
                class="testMethodStatusPASS testMethodStatusCONF">
               <td width="100%" class="firstMethodCell">
                  <a onclick="toggleDetailsVisibility('com.drivemedical.utilgeneric.Test1_endTest_byStatus_passed_PASS3_details')">endTest(public void com.drivemedical.utilgeneric.Test1.testTesting())</a>
               </td>
               <td nowrap="true">12:15:36</td>
               <td nowrap="true" align="right">0 ms
                  
               </td>
               <td nowrap="true">
                   
                  
               </td>
            </tr>
            <tr>
               <td colspan="4" class="detailsBox">
                  <div id="com.drivemedical.utilgeneric.Test1_endTest_byStatus_passed_PASS3_details"
                       class="testMethodDetails">
                     <div>
                        <b>Name: </b>endTest
                     </div>
                     <div>
                        <b>Signature: </b>endTest(java.lang.reflect.Method)[pri:0, instance:com.drivemedical.utilgeneric.Test1@7085bdee]
                     </div>
                     <div>
                        <b>Parameters: </b>
                        
                        public void com.drivemedical.utilgeneric.Test1.testTesting()
                        
                        
                     </div>
                     <div>
                        <b>Start time: </b>12:15:36
                     </div>
                     <div>
                        <b>End time: </b>12:15:36
                     </div>
                     <div>
                        <b>Duration: </b>0 ms
                        
                     </div>
                  </div>
               </td>
            </tr>
            <tr></tr>
            <tr id="com.drivemedical.utilgeneric.Test1_endTest_byStatus_passed_PASS4_row"
                class="testMethodStatusPASS testMethodStatusCONF">
               <td width="100%" class="firstMethodCell">
                  <a onclick="toggleDetailsVisibility('com.drivemedical.utilgeneric.Test1_endTest_byStatus_passed_PASS4_details')">endTest([Test: "FF_Test" verbose:1[parameters:GridURL=&gt;http://10.27.208.11:5555/wd/hub,password=&gt;Test1234@,broName=&gt;firefox,PlatForm=&gt;Platform.WIN10,extentVal=&gt;1,email=&gt;aditya@gmail.com,][metagroups:]
                     [included: ][excluded: ]  classes: packages:])
                  </a>
               </td>
               <td nowrap="true">12:15:36</td>
               <td nowrap="true" align="right">501 ms
                  
               </td>
               <td nowrap="true">
                   
                  
               </td>
            </tr>
            <tr>
               <td colspan="4" class="detailsBox">
                  <div id="com.drivemedical.utilgeneric.Test1_endTest_byStatus_passed_PASS4_details"
                       class="testMethodDetails">
                     <div>
                        <b>Name: </b>endTest
                     </div>
                     <div>
                        <b>Signature: </b>endTest(org.testng.xml.XmlTest)[pri:0, instance:com.drivemedical.utilgeneric.Test1@7085bdee]
                     </div>
                     <div>
                        <b>Parameters: </b>
                        
                        [Test: "FF_Test" verbose:1[parameters:GridURL=&gt;http://10.27.208.11:5555/wd/hub,password=&gt;Test1234@,broName=&gt;firefox,PlatForm=&gt;Platform.WIN10,extentVal=&gt;1,email=&gt;aditya@gmail.com,][metagroups:]
                        [included: ][excluded: ]  classes: packages:] 
                        
                        
                     </div>
                     <div>
                        <b>Start time: </b>12:15:36
                     </div>
                     <div>
                        <b>End time: </b>12:15:37
                     </div>
                     <div>
                        <b>Duration: </b>501 ms
                        
                     </div>
                  </div>
               </td>
            </tr>
            <tr></tr>
            <tr id="com.drivemedical.utilgeneric.Test1_tearDown_byStatus_passed_PASS5_row"
                class="testMethodStatusPASS testMethodStatusCONF">
               <td width="100%" class="firstMethodCell">
                  <a onclick="toggleDetailsVisibility('com.drivemedical.utilgeneric.Test1_tearDown_byStatus_passed_PASS5_details')">tearDown([Test: "FF_Test" verbose:1[parameters:GridURL=&gt;http://10.27.208.11:5555/wd/hub,password=&gt;Test1234@,broName=&gt;firefox,PlatForm=&gt;Platform.WIN10,extentVal=&gt;1,email=&gt;aditya@gmail.com,][metagroups:]
                     [included: ][excluded: ]  classes: packages:])
                  </a>
               </td>
               <td nowrap="true">12:15:37</td>
               <td nowrap="true" align="right">9s
                  
               </td>
               <td nowrap="true">
                   
                  
               </td>
            </tr>
            <tr>
               <td colspan="4" class="detailsBox">
                  <div id="com.drivemedical.utilgeneric.Test1_tearDown_byStatus_passed_PASS5_details"
                       class="testMethodDetails">
                     <div>
                        <b>Name: </b>tearDown
                     </div>
                     <div>
                        <b>Signature: </b>tearDown(org.testng.xml.XmlTest)[pri:0, instance:com.drivemedical.utilgeneric.Test1@7085bdee]
                     </div>
                     <div>
                        <b>Parameters: </b>
                        
                        [Test: "FF_Test" verbose:1[parameters:GridURL=&gt;http://10.27.208.11:5555/wd/hub,password=&gt;Test1234@,broName=&gt;firefox,PlatForm=&gt;Platform.WIN10,extentVal=&gt;1,email=&gt;aditya@gmail.com,][metagroups:]
                        [included: ][excluded: ]  classes: packages:] 
                        
                        
                     </div>
                     <div>
                        <b>Start time: </b>12:15:37
                     </div>
                     <div>
                        <b>End time: </b>12:15:46
                     </div>
                     <div>
                        <b>Duration: </b>9s
                        
                     </div>
                  </div>
               </td>
            </tr>
            <tr></tr>
         </table>
      </div>
      <div id="testMethodsByClass">
         <table class="testMethodsTable" cellpadding="0" cellspacing="0">
            <tr>
               <td colspan="4">
                  <h3 style="display: inline;">com.drivemedical.utilgeneric.Test1</h3>
               </td>
            </tr>
            <tr class="methodsTableHeader">
               <td width="100%">Name</td>
               <td nowrap="true">Started</td>
               <td nowrap="true">Duration</td>
               <td>Exception</td>
            </tr>
            <tr id="com.drivemedical.utilgeneric.Test1_initialize_byClass_PASS1_row"
                class="testMethodStatusPASS testMethodStatusCONF">
               <td width="100%" class="firstMethodCell">
                  <a onclick="toggleDetailsVisibility('com.drivemedical.utilgeneric.Test1_initialize_byClass_PASS1_details')">initialize([Test: "FF_Test" verbose:1[parameters:GridURL=&gt;http://10.27.208.11:5555/wd/hub,password=&gt;Test1234@,broName=&gt;firefox,PlatForm=&gt;Platform.WIN10,extentVal=&gt;1,email=&gt;aditya@gmail.com,][metagroups:]
                     [included: ][excluded: ]  classes: packages:])
                  </a>
               </td>
               <td nowrap="true">12:14:57</td>
               <td nowrap="true" align="right">37s
                  
               </td>
               <td nowrap="true">
                   
                  
               </td>
            </tr>
            <tr>
               <td colspan="4" class="detailsBox">
                  <div id="com.drivemedical.utilgeneric.Test1_initialize_byClass_PASS1_details"
                       class="testMethodDetails">
                     <div>
                        <b>Name: </b>initialize
                     </div>
                     <div>
                        <b>Signature: </b>initialize(org.testng.xml.XmlTest)[pri:0, instance:com.drivemedical.utilgeneric.Test1@7085bdee]
                     </div>
                     <div>
                        <b>Parameters: </b>
                        
                        [Test: "FF_Test" verbose:1[parameters:GridURL=&gt;http://10.27.208.11:5555/wd/hub,password=&gt;Test1234@,broName=&gt;firefox,PlatForm=&gt;Platform.WIN10,extentVal=&gt;1,email=&gt;aditya@gmail.com,][metagroups:]
                        [included: ][excluded: ]  classes: packages:] 
                        
                        
                     </div>
                     <div>
                        <b>Start time: </b>12:14:57
                     </div>
                     <div>
                        <b>End time: </b>12:15:35
                     </div>
                     <div>
                        <b>Duration: </b>37s
                        
                     </div>
                  </div>
               </td>
            </tr>
            <tr></tr>
            <tr id="com.drivemedical.utilgeneric.Test1_extReport_byClass_PASS2_row"
                class="testMethodStatusPASS testMethodStatusCONF">
               <td width="100%" class="firstMethodCell">
                  <a onclick="toggleDetailsVisibility('com.drivemedical.utilgeneric.Test1_extReport_byClass_PASS2_details')">extReport(public void com.drivemedical.utilgeneric.Test1.testTesting()
                     
                     ,
                     
                     [Test: "FF_Test" verbose:1[parameters:GridURL=&gt;http://10.27.208.11:5555/wd/hub,password=&gt;Test1234@,broName=&gt;firefox,PlatForm=&gt;Platform.WIN10,extentVal=&gt;1,email=&gt;aditya@gmail.com,][metagroups:]
                     [included: ][excluded: ]  classes: packages:])
                  </a>
               </td>
               <td nowrap="true">12:15:35</td>
               <td nowrap="true" align="right">141 ms
                  
               </td>
               <td nowrap="true">
                   
                  
               </td>
            </tr>
            <tr>
               <td colspan="4" class="detailsBox">
                  <div id="com.drivemedical.utilgeneric.Test1_extReport_byClass_PASS2_details"
                       class="testMethodDetails">
                     <div>
                        <b>Name: </b>extReport
                     </div>
                     <div>
                        <b>Signature: </b>extReport(java.lang.reflect.Method, org.testng.xml.XmlTest)[pri:0, instance:com.drivemedical.utilgeneric.Test1@7085bdee]
                     </div>
                     <div>
                        <b>Parameters: </b>
                        
                        public void com.drivemedical.utilgeneric.Test1.testTesting()
                        
                        ,
                        
                        [Test: "FF_Test" verbose:1[parameters:GridURL=&gt;http://10.27.208.11:5555/wd/hub,password=&gt;Test1234@,broName=&gt;firefox,PlatForm=&gt;Platform.WIN10,extentVal=&gt;1,email=&gt;aditya@gmail.com,][metagroups:]
                        [included: ][excluded: ]  classes: packages:] 
                        
                        
                     </div>
                     <div>
                        <b>Start time: </b>12:15:35
                     </div>
                     <div>
                        <b>End time: </b>12:15:35
                     </div>
                     <div>
                        <b>Duration: </b>141 ms
                        
                     </div>
                  </div>
               </td>
            </tr>
            <tr></tr>
            <tr id="com.drivemedical.utilgeneric.Test1_testTesting_byClass_FAIL3_row"
                class="testMethodStatusFAIL">
               <td width="100%" class="firstMethodCell">
                  <a onclick="toggleDetailsVisibility('com.drivemedical.utilgeneric.Test1_testTesting_byClass_FAIL3_details')">testTesting()</a>
               </td>
               <td nowrap="true">12:15:35</td>
               <td nowrap="true" align="right">16 ms
                  
               </td>
               <td nowrap="true">
                  <a onclick="toggleDetailsVisibility('com.drivemedical.utilgeneric.Test1_testTesting_byClass_FAIL3_exception')">java.lang.AssertionError: 
                     expected [false] but found [true]
                     
                  </a>
                   
                  
               </td>
            </tr>
            <tr>
               <td colspan="4" class="detailsBox">
                  <div id="com.drivemedical.utilgeneric.Test1_testTesting_byClass_FAIL3_details"
                       class="testMethodDetails">
                     <div>
                        <b>Name: </b>testTesting
                     </div>
                     <div>
                        <b>Signature: </b>testTesting()[pri:1, instance:com.drivemedical.utilgeneric.Test1@7085bdee]
                     </div>
                     <div>
                        <b>Start time: </b>12:15:35
                     </div>
                     <div>
                        <b>End time: </b>12:15:35
                     </div>
                     <div>
                        <b>Duration: </b>16 ms
                        
                     </div>
                  </div>
               </td>
            </tr>
            <tr>
               <td colspan="4" class="detailsBox">
                  <div id="com.drivemedical.utilgeneric.Test1_testTesting_byClass_FAIL3_exception"
                       class="testMethodDetails">
                     <pre style="padding: 5px; margin: 0;">java.lang.AssertionError: expected [false] but found [true]
                        	at org.testng.Assert.fail(Assert.java:93)
                        	at org.testng.Assert.failNotEquals(Assert.java:512)
                        	at org.testng.Assert.assertFalse(Assert.java:62)
                        	at org.testng.Assert.assertFalse(Assert.java:72)
                        	at com.drivemedical.utilgeneric.Test1.testTesting(Test1.java:113)
                        	at sun.reflect.NativeMethodAccessorImpl.invoke0(Native Method)
                        	at sun.reflect.NativeMethodAccessorImpl.invoke(Unknown Source)
                        	at sun.reflect.DelegatingMethodAccessorImpl.invoke(Unknown Source)
                        	at java.lang.reflect.Method.invoke(Unknown Source)
                        	at org.testng.internal.MethodInvocationHelper.invokeMethod(MethodInvocationHelper.java:108)
                        	at org.testng.internal.Invoker.invokeMethod(Invoker.java:661)
                        	at org.testng.internal.Invoker.invokeTestMethod(Invoker.java:869)
                        	at org.testng.internal.Invoker.invokeTestMethods(Invoker.java:1193)
                        	at org.testng.internal.TestMethodWorker.invokeTestMethods(TestMethodWorker.java:126)
                        	at org.testng.internal.TestMethodWorker.run(TestMethodWorker.java:109)
                        	at org.testng.TestRunner.privateRun(TestRunner.java:744)
                        	at org.testng.TestRunner.run(TestRunner.java:602)
                        	at org.testng.SuiteRunner.runTest(SuiteRunner.java:380)
                        	at org.testng.SuiteRunner.access$000(SuiteRunner.java:39)
                        	at org.testng.SuiteRunner$SuiteWorker.run(SuiteRunner.java:414)
                        	at org.testng.internal.thread.ThreadUtil$1.call(ThreadUtil.java:52)
                        	at java.util.concurrent.FutureTask.run(Unknown Source)
                        	at java.util.concurrent.ThreadPoolExecutor.runWorker(Unknown Source)
                        	at java.util.concurrent.ThreadPoolExecutor$Worker.run(Unknown Source)
                        	at java.lang.Thread.run(Unknown Source)
                     </pre>
                  </div>
               </td>
            </tr>
            <tr id="com.drivemedical.utilgeneric.Test1_endTest_byClass_PASS4_row"
                class="testMethodStatusPASS testMethodStatusCONF">
               <td width="100%" class="firstMethodCell">
                  <a onclick="toggleDetailsVisibility('com.drivemedical.utilgeneric.Test1_endTest_byClass_PASS4_details')">endTest(public void com.drivemedical.utilgeneric.Test1.testTesting())</a>
               </td>
               <td nowrap="true">12:15:36</td>
               <td nowrap="true" align="right">0 ms
                  
               </td>
               <td nowrap="true">
                   
                  
               </td>
            </tr>
            <tr>
               <td colspan="4" class="detailsBox">
                  <div id="com.drivemedical.utilgeneric.Test1_endTest_byClass_PASS4_details"
                       class="testMethodDetails">
                     <div>
                        <b>Name: </b>endTest
                     </div>
                     <div>
                        <b>Signature: </b>endTest(java.lang.reflect.Method)[pri:0, instance:com.drivemedical.utilgeneric.Test1@7085bdee]
                     </div>
                     <div>
                        <b>Parameters: </b>
                        
                        public void com.drivemedical.utilgeneric.Test1.testTesting()
                        
                        
                     </div>
                     <div>
                        <b>Start time: </b>12:15:36
                     </div>
                     <div>
                        <b>End time: </b>12:15:36
                     </div>
                     <div>
                        <b>Duration: </b>0 ms
                        
                     </div>
                  </div>
               </td>
            </tr>
            <tr></tr>
            <tr id="com.drivemedical.utilgeneric.Test1_endTest_byClass_PASS5_row"
                class="testMethodStatusPASS testMethodStatusCONF">
               <td width="100%" class="firstMethodCell">
                  <a onclick="toggleDetailsVisibility('com.drivemedical.utilgeneric.Test1_endTest_byClass_PASS5_details')">endTest([Test: "FF_Test" verbose:1[parameters:GridURL=&gt;http://10.27.208.11:5555/wd/hub,password=&gt;Test1234@,broName=&gt;firefox,PlatForm=&gt;Platform.WIN10,extentVal=&gt;1,email=&gt;aditya@gmail.com,][metagroups:]
                     [included: ][excluded: ]  classes: packages:])
                  </a>
               </td>
               <td nowrap="true">12:15:36</td>
               <td nowrap="true" align="right">501 ms
                  
               </td>
               <td nowrap="true">
                   
                  
               </td>
            </tr>
            <tr>
               <td colspan="4" class="detailsBox">
                  <div id="com.drivemedical.utilgeneric.Test1_endTest_byClass_PASS5_details"
                       class="testMethodDetails">
                     <div>
                        <b>Name: </b>endTest
                     </div>
                     <div>
                        <b>Signature: </b>endTest(org.testng.xml.XmlTest)[pri:0, instance:com.drivemedical.utilgeneric.Test1@7085bdee]
                     </div>
                     <div>
                        <b>Parameters: </b>
                        
                        [Test: "FF_Test" verbose:1[parameters:GridURL=&gt;http://10.27.208.11:5555/wd/hub,password=&gt;Test1234@,broName=&gt;firefox,PlatForm=&gt;Platform.WIN10,extentVal=&gt;1,email=&gt;aditya@gmail.com,][metagroups:]
                        [included: ][excluded: ]  classes: packages:] 
                        
                        
                     </div>
                     <div>
                        <b>Start time: </b>12:15:36
                     </div>
                     <div>
                        <b>End time: </b>12:15:37
                     </div>
                     <div>
                        <b>Duration: </b>501 ms
                        
                     </div>
                  </div>
               </td>
            </tr>
            <tr></tr>
            <tr id="com.drivemedical.utilgeneric.Test1_tearDown_byClass_PASS6_row"
                class="testMethodStatusPASS testMethodStatusCONF">
               <td width="100%" class="firstMethodCell">
                  <a onclick="toggleDetailsVisibility('com.drivemedical.utilgeneric.Test1_tearDown_byClass_PASS6_details')">tearDown([Test: "FF_Test" verbose:1[parameters:GridURL=&gt;http://10.27.208.11:5555/wd/hub,password=&gt;Test1234@,broName=&gt;firefox,PlatForm=&gt;Platform.WIN10,extentVal=&gt;1,email=&gt;aditya@gmail.com,][metagroups:]
                     [included: ][excluded: ]  classes: packages:])
                  </a>
               </td>
               <td nowrap="true">12:15:37</td>
               <td nowrap="true" align="right">9s
                  
               </td>
               <td nowrap="true">
                   
                  
               </td>
            </tr>
            <tr>
               <td colspan="4" class="detailsBox">
                  <div id="com.drivemedical.utilgeneric.Test1_tearDown_byClass_PASS6_details"
                       class="testMethodDetails">
                     <div>
                        <b>Name: </b>tearDown
                     </div>
                     <div>
                        <b>Signature: </b>tearDown(org.testng.xml.XmlTest)[pri:0, instance:com.drivemedical.utilgeneric.Test1@7085bdee]
                     </div>
                     <div>
                        <b>Parameters: </b>
                        
                        [Test: "FF_Test" verbose:1[parameters:GridURL=&gt;http://10.27.208.11:5555/wd/hub,password=&gt;Test1234@,broName=&gt;firefox,PlatForm=&gt;Platform.WIN10,extentVal=&gt;1,email=&gt;aditya@gmail.com,][metagroups:]
                        [included: ][excluded: ]  classes: packages:] 
                        
                        
                     </div>
                     <div>
                        <b>Start time: </b>12:15:37
                     </div>
                     <div>
                        <b>End time: </b>12:15:46
                     </div>
                     <div>
                        <b>Duration: </b>9s
                        
                     </div>
                  </div>
               </td>
            </tr>
            <tr></tr>
         </table>
         <br></br>
      </div>
      <div style="margin-top: 15px; color: gray; text-align: center; font-size: 9px;">
         Generated with
         
         <a href="http://code.google.com/p/testng-xslt/" style="color: #8888aa;"
            target="_blank">
            TestNG XSLT
            
         </a>
      </div>
   </body>
</html>